<?xml version="1.0"?>
<testsuite name="Chrome 73.0.3683 (Mac OS X 10.14.2)" package="" timestamp="2019-04-15T06:11:22" id="0" hostname="C02XV131JGH5" tests="0" errors="1" failures="0" time="0">
  <properties>
    <property name="browser.fullName" value="Mozilla/5.0 (Macintosh; Intel Mac OS X 10_14_2) AppleWebKit/537.36 (KHTML, like Gecko) Chrome/73.0.3683.103 Safari/537.36"/>
  </properties>
  <system-out>
    <![CDATA[
]]>
  </system-out>
  <system-err/>
</testsuite>